<?xml version="1.0" encoding="UTF-8"?>
<!-- Generated by org.testng.reporters.JUnitReportReporter -->
<testsuite hostname="DESKTOP-8I30DAH" failures="0" tests="1" name="Test.ActitimeLoginLogout" time="26.785" errors="0" timestamp="2022-02-09T08:52:55 IST" skipped="0">
  <testcase classname="Test.ActitimeLoginLogout" name="login" time="26.785"/>
  <system-out/>
</testsuite> <!-- Test.ActitimeLoginLogout -->
