<?xml version="1.0" encoding="UTF-8"?>
<!-- Generated by org.testng.reporters.JUnitReportReporter -->
<testsuite hostname="DESKTOP-8I30DAH" failures="0" tests="3" name="TestNGextra.Priority" time="0.019" errors="0" timestamp="2022-02-16T22:21:02 IST" skipped="0">
  <testcase classname="TestNGextra.Priority" name="Subrat" time="0.013"/>
  <system-out/>
  <testcase classname="TestNGextra.Priority" name="Sonali" time="0.003"/>
  <system-out/>
  <testcase classname="TestNGextra.Priority" name="Jagadish" time="0.003"/>
  <system-out/>
</testsuite> <!-- TestNGextra.Priority -->
