<?xml version="1.0" encoding="UTF-8"?>
<!-- Generated by org.testng.reporters.JUnitReportReporter -->
<testsuite hostname="DESKTOP-8I30DAH" failures="0" tests="3" name="TestNGextra.DependsonMethod" time="0.023" errors="0" timestamp="2022-02-13T09:02:36 IST" skipped="0">
  <testcase classname="TestNGextra.DependsonMethod" name="login" time="0.018"/>
  <system-out/>
  <testcase classname="TestNGextra.DependsonMethod" name="creatework" time="0.002"/>
  <system-out/>
  <testcase classname="TestNGextra.DependsonMethod" name="deletework" time="0.003"/>
  <system-out/>
</testsuite> <!-- TestNGextra.DependsonMethod -->
